[csdi-adapter] loaded experiments/week2_modules/ckpts/dyn_csdi_full_v6_center_ep20.pt  params=1,260,036
[pilot] CSDI ckpt loaded: experiments/week2_modules/ckpts/dyn_csdi_full_v6_center_ep20.pt
[pilot] device=cuda model=amazon/chronos-t5-small n_seeds=5 n_ctx=512 pred_len=128 dt=0.025 methods=['ours', 'ours_csdi']
  seed=0 S0 ours     keep=1.00 σ=0.00  VPT@0.3= 0.91  VPT@1.0= 1.04  rmse/std=0.504  t=12.0s
  seed=0 S0 ours_csdi keep=1.00 σ=0.00  VPT@0.3= 0.95  VPT@1.0= 2.29  rmse/std=0.356  t=13.2s
  seed=0 S1 ours     keep=0.81 σ=0.10  VPT@0.3= 0.91  VPT@1.0= 1.04  rmse/std=0.498  t=8.8s
  seed=0 S1 ours_csdi keep=0.81 σ=0.10  VPT@0.3= 0.88  VPT@1.0= 1.02  rmse/std=0.555  t=15.7s
  seed=0 S2 ours     keep=0.58 σ=0.30  VPT@0.3= 0.14  VPT@1.0= 0.27  rmse/std=1.605  t=9.1s
  seed=0 S2 ours_csdi keep=0.58 σ=0.30  VPT@0.3= 0.25  VPT@1.0= 1.04  rmse/std=0.529  t=15.5s
  seed=0 S3 ours     keep=0.41 σ=0.50  VPT@0.3= 0.05  VPT@1.0= 0.18  rmse/std=1.334  t=9.3s
  seed=0 S3 ours_csdi keep=0.41 σ=0.50  VPT@0.3= 0.16  VPT@1.0= 0.29  rmse/std=0.880  t=14.6s
  seed=0 S4 ours     keep=0.25 σ=0.80  VPT@0.3= 0.00  VPT@1.0= 0.32  rmse/std=1.109  t=10.7s
  seed=0 S4 ours_csdi keep=0.25 σ=0.80  VPT@0.3= 0.00  VPT@1.0= 0.20  rmse/std=1.091  t=14.6s
  seed=0 S5 ours     keep=0.09 σ=1.20  VPT@0.3= 0.00  VPT@1.0= 0.11  rmse/std=1.287  t=9.4s
  seed=0 S5 ours_csdi keep=0.09 σ=1.20  VPT@0.3= 0.05  VPT@1.0= 0.29  rmse/std=1.169  t=13.7s
  seed=0 S6 ours     keep=0.05 σ=1.50  VPT@0.3= 0.09  VPT@1.0= 0.27  rmse/std=1.003  t=9.7s
  seed=0 S6 ours_csdi keep=0.05 σ=1.50  VPT@0.3= 0.09  VPT@1.0= 0.34  rmse/std=0.914  t=14.2s
  seed=1 S0 ours     keep=1.00 σ=0.00  VPT@0.3= 0.52  VPT@1.0= 1.13  rmse/std=0.989  t=10.1s
  seed=1 S0 ours_csdi keep=1.00 σ=0.00  VPT@0.3= 0.45  VPT@1.0= 1.16  rmse/std=1.019  t=14.9s
  seed=1 S1 ours     keep=0.82 σ=0.10  VPT@0.3= 0.36  VPT@1.0= 0.50  rmse/std=1.256  t=11.6s
  seed=1 S1 ours_csdi keep=0.82 σ=0.10  VPT@0.3= 0.41  VPT@1.0= 1.06  rmse/std=1.164  t=15.4s
  seed=1 S2 ours     keep=0.61 σ=0.30  VPT@0.3= 0.48  VPT@1.0= 1.06  rmse/std=1.081  t=10.4s
  seed=1 S2 ours_csdi keep=0.61 σ=0.30  VPT@0.3= 0.86  VPT@1.0= 1.04  rmse/std=1.184  t=14.0s
  seed=1 S3 ours     keep=0.38 σ=0.50  VPT@0.3= 0.23  VPT@1.0= 0.41  rmse/std=0.985  t=8.7s
  seed=1 S3 ours_csdi keep=0.38 σ=0.50  VPT@0.3= 0.29  VPT@1.0= 0.41  rmse/std=1.467  t=15.6s
  seed=1 S4 ours     keep=0.21 σ=0.80  VPT@0.3= 0.14  VPT@1.0= 0.25  rmse/std=1.181  t=9.2s
  seed=1 S4 ours_csdi keep=0.21 σ=0.80  VPT@0.3= 0.14  VPT@1.0= 0.50  rmse/std=1.046  t=14.5s
  seed=1 S5 ours     keep=0.10 σ=1.20  VPT@0.3= 0.09  VPT@1.0= 0.41  rmse/std=1.036  t=9.5s
  seed=1 S5 ours_csdi keep=0.10 σ=1.20  VPT@0.3= 0.14  VPT@1.0= 0.45  rmse/std=0.997  t=14.6s
  seed=1 S6 ours     keep=0.05 σ=1.50  VPT@0.3= 0.00  VPT@1.0= 0.14  rmse/std=1.130  t=9.9s
  seed=1 S6 ours_csdi keep=0.05 σ=1.50  VPT@0.3= 0.14  VPT@1.0= 0.36  rmse/std=0.997  t=15.9s
  seed=2 S0 ours     keep=1.00 σ=0.00  VPT@0.3= 0.05  VPT@1.0= 0.63  rmse/std=1.358  t=9.7s
  seed=2 S0 ours_csdi keep=1.00 σ=0.00  VPT@0.3= 0.05  VPT@1.0= 0.63  rmse/std=1.312  t=14.7s
  seed=2 S1 ours     keep=0.77 σ=0.10  VPT@0.3= 0.05  VPT@1.0= 0.18  rmse/std=1.362  t=10.2s
  seed=2 S1 ours_csdi keep=0.77 σ=0.10  VPT@0.3= 0.05  VPT@1.0= 0.18  rmse/std=1.348  t=17.1s
  seed=2 S2 ours     keep=0.63 σ=0.30  VPT@0.3= 0.00  VPT@1.0= 0.11  rmse/std=1.549  t=9.5s
  seed=2 S2 ours_csdi keep=0.63 σ=0.30  VPT@0.3= 0.02  VPT@1.0= 0.16  rmse/std=1.336  t=14.4s
  seed=2 S3 ours     keep=0.38 σ=0.50  VPT@0.3= 0.00  VPT@1.0= 0.09  rmse/std=1.411  t=8.5s
  seed=2 S3 ours_csdi keep=0.38 σ=0.50  VPT@0.3= 0.02  VPT@1.0= 0.18  rmse/std=1.298  t=13.2s
  seed=2 S4 ours     keep=0.27 σ=0.80  VPT@0.3= 0.00  VPT@1.0= 0.05  rmse/std=1.371  t=10.4s
  seed=2 S4 ours_csdi keep=0.27 σ=0.80  VPT@0.3= 0.00  VPT@1.0= 0.00  rmse/std=1.013  t=14.4s
  seed=2 S5 ours     keep=0.11 σ=1.20  VPT@0.3= 0.00  VPT@1.0= 0.02  rmse/std=1.058  t=10.5s
  seed=2 S5 ours_csdi keep=0.11 σ=1.20  VPT@0.3= 0.00  VPT@1.0= 0.05  rmse/std=1.197  t=15.6s
  seed=2 S6 ours     keep=0.06 σ=1.50  VPT@0.3= 0.00  VPT@1.0= 0.07  rmse/std=1.322  t=9.3s
  seed=2 S6 ours_csdi keep=0.06 σ=1.50  VPT@0.3= 0.00  VPT@1.0= 0.05  rmse/std=1.154  t=14.9s
  seed=3 S0 ours     keep=1.00 σ=0.00  VPT@0.3= 2.58  VPT@1.0= 2.72  rmse/std=0.059  t=10.4s
  seed=3 S0 ours_csdi keep=1.00 σ=0.00  VPT@0.3= 1.99  VPT@1.0= 2.70  rmse/std=0.172  t=14.3s
  seed=3 S1 ours     keep=0.77 σ=0.10  VPT@0.3= 1.88  VPT@1.0= 2.02  rmse/std=0.545  t=9.7s
  seed=3 S1 ours_csdi keep=0.77 σ=0.10  VPT@0.3= 1.90  VPT@1.0= 2.04  rmse/std=0.453  t=15.3s
  seed=3 S2 ours     keep=0.59 σ=0.30  VPT@0.3= 0.59  VPT@1.0= 1.34  rmse/std=0.716  t=9.0s
  seed=3 S2 ours_csdi keep=0.59 σ=0.30  VPT@0.3= 1.22  VPT@1.0= 2.65  rmse/std=0.331  t=14.5s
  seed=3 S3 ours     keep=0.41 σ=0.50  VPT@0.3= 0.09  VPT@1.0= 1.97  rmse/std=0.522  t=10.5s
  seed=3 S3 ours_csdi keep=0.41 σ=0.50  VPT@0.3= 0.05  VPT@1.0= 1.90  rmse/std=0.562  t=13.1s
  seed=3 S4 ours     keep=0.26 σ=0.80  VPT@0.3= 0.00  VPT@1.0= 0.70  rmse/std=0.946  t=9.3s
  seed=3 S4 ours_csdi keep=0.26 σ=0.80  VPT@0.3= 0.00  VPT@1.0= 2.06  rmse/std=0.589  t=15.4s
  seed=3 S5 ours     keep=0.08 σ=1.20  VPT@0.3= 0.00  VPT@1.0= 0.02  rmse/std=1.081  t=9.7s
  seed=3 S5 ours_csdi keep=0.08 σ=1.20  VPT@0.3= 0.00  VPT@1.0= 0.05  rmse/std=0.955  t=13.7s
  seed=3 S6 ours     keep=0.05 σ=1.50  VPT@0.3= 0.00  VPT@1.0= 0.00  rmse/std=1.241  t=9.0s
  seed=3 S6 ours_csdi keep=0.05 σ=1.50  VPT@0.3= 0.00  VPT@1.0= 0.07  rmse/std=1.066  t=13.3s
  seed=4 S0 ours     keep=1.00 σ=0.00  VPT@0.3= 1.16  VPT@1.0= 1.31  rmse/std=0.854  t=8.8s
  seed=4 S0 ours_csdi keep=1.00 σ=0.00  VPT@0.3= 1.13  VPT@1.0= 1.27  rmse/std=0.957  t=14.8s
  seed=4 S1 ours     keep=0.77 σ=0.10  VPT@0.3= 1.86  VPT@1.0= 1.99  rmse/std=0.617  t=8.5s
  seed=4 S1 ours_csdi keep=0.77 σ=0.10  VPT@0.3= 1.13  VPT@1.0= 1.27  rmse/std=1.003  t=15.4s
  seed=4 S2 ours     keep=0.64 σ=0.30  VPT@0.3= 1.09  VPT@1.0= 1.20  rmse/std=1.295  t=9.1s
  seed=4 S2 ours_csdi keep=0.64 σ=0.30  VPT@0.3= 0.45  VPT@1.0= 1.22  rmse/std=1.290  t=14.9s
  seed=4 S3 ours     keep=0.38 σ=0.50  VPT@0.3= 1.22  VPT@1.0= 1.90  rmse/std=0.899  t=8.1s
  seed=4 S3 ours_csdi keep=0.38 σ=0.50  VPT@0.3= 0.48  VPT@1.0= 1.29  rmse/std=0.975  t=13.9s
  seed=4 S4 ours     keep=0.27 σ=0.80  VPT@0.3= 0.00  VPT@1.0= 0.00  rmse/std=1.216  t=9.9s
  seed=4 S4 ours_csdi keep=0.27 σ=0.80  VPT@0.3= 0.00  VPT@1.0= 0.00  rmse/std=1.117  t=15.9s
  seed=4 S5 ours     keep=0.11 σ=1.20  VPT@0.3= 0.00  VPT@1.0= 0.00  rmse/std=1.165  t=8.2s
  seed=4 S5 ours_csdi keep=0.11 σ=1.20  VPT@0.3= 0.00  VPT@1.0= 0.00  rmse/std=1.140  t=14.3s
  seed=4 S6 ours     keep=0.04 σ=1.50  VPT@0.3= 0.00  VPT@1.0= 0.00  rmse/std=1.187  t=8.5s
  seed=4 S6 ours_csdi keep=0.04 σ=1.50  VPT@0.3= 0.00  VPT@1.0= 0.00  rmse/std=1.167  t=13.8s
[pilot] records saved to /home/rhl/Github/CSDI-PRO/experiments/week1/results/pt_v2_csdi_upgrade_n5.json
[pilot] figure saved to /home/rhl/Github/CSDI-PRO/experiments/week1/figures/pt_v2_csdi_upgrade_n5.png

[verdict] VPT@1.0 by (method, scenario):
  ours      S0=1.37  S1=1.15  S2=0.80  S3=0.91  S4=0.26  S5=0.11  S6=0.10
